2025-11-12 19:18:00 | DEBUG | repo=system-int | action=commit
2025-09-08 09:34:00 | INFO | repo=system-int | action=commit
2025-05-27 19:39:00 | WARN | repo=system-int | action=commit
2025-01-03 08:00:00 | DEBUG | repo=system-int | action=commit
2025-11-10 17:01:00 | INFO | repo=system-int | action=test | passed=true
2025-08-08 08:42:00 | WARN | repo=system-int | action=commit
2025-12-17 07:02:00 | WARN | repo=system-int | action=commit
2025-12-02 15:57:00 | DEBUG | repo=system-int | action=commit
2025-05-10 20:34:00 | DEBUG | repo=system-int | action=edit | files=2
2025-04-27 19:30:00 | DEBUG | repo=system-int | action=commit
2025-09-11 21:23:00 | DEBUG | repo=system-int | action=commit
2025-05-16 11:00:00 | INFO | repo=system-int | action=commit
2025-09-06 09:03:00 | INFO | repo=system-int | action=pull
2025-11-03 10:46:00 | DEBUG | repo=system-int | action=commit
2025-09-09 07:36:00 | INFO | repo=system-int | action=commit
2025-01-07 19:49:00 | WARN | repo=system-int | action=pull
2025-04-23 14:43:00 | WARN | repo=system-int | action=commit
2025-02-22 16:46:00 | WARN | repo=system-int | action=pull
2025-11-02 13:50:00 | INFO | repo=system-int | action=pull
2025-03-10 13:59:00 | INFO | repo=system-int | action=commit
2025-09-20 12:28:00 | WARN | repo=system-int | action=pull
2025-04-26 07:57:00 | DEBUG | repo=system-int | action=commit
2025-03-13 20:43:00 | INFO | repo=system-int | action=test | passed=true
2025-02-27 08:53:00 | DEBUG | repo=system-int | action=commit
2025-12-10 11:43:00 | INFO | repo=system-int | action=commit
2025-11-13 07:40:00 | DEBUG | repo=system-int | action=commit
2025-11-13 17:04:00 | INFO | repo=system-int | action=test | passed=true
2025-01-01 19:50:00 | DEBUG | repo=system-int | action=commit
2025-10-09 19:32:00 | DEBUG | repo=system-int | action=commit
2025-03-08 19:35:00 | INFO | repo=system-int | action=edit | files=2
2025-04-16 14:56:00 | INFO | repo=system-int | action=test | passed=true
2025-12-23 21:05:00 | WARN | repo=system-int | action=commit
2025-06-04 08:09:00 | DEBUG | repo=system-int | action=commit
2025-05-06 08:44:00 | DEBUG | repo=system-int | action=commit
2025-10-07 21:11:00 | DEBUG | repo=system-int | action=edit | files=1
2025-03-16 19:46:00 | WARN | repo=system-int | action=edit | files=5
2025-04-10 17:36:00 | INFO | repo=system-int | action=pull
2025-06-01 12:32:00 | DEBUG | repo=system-int | action=test | passed=true
2025-12-14 09:08:00 | WARN | repo=system-int | action=commit
2025-03-15 20:11:00 | WARN | repo=system-int | action=commit
2025-06-13 11:29:00 | DEBUG | repo=system-int | action=commit
2025-09-19 21:48:00 | DEBUG | repo=system-int | action=commit
2025-02-07 09:57:00 | INFO | repo=system-int | action=pull
2025-11-22 08:04:00 | INFO | repo=system-int | action=edit | files=1
2025-02-02 08:34:00 | DEBUG | repo=system-int | action=commit
2025-12-14 08:23:00 | DEBUG | repo=system-int | action=commit
2025-08-15 19:15:00 | DEBUG | repo=system-int | action=commit
2025-08-17 14:27:00 | WARN | repo=system-int | action=commit
2025-06-02 09:22:00 | WARN | repo=system-int | action=test | passed=true
2025-06-21 07:58:00 | WARN | repo=system-int | action=pull
2025-11-14 08:10:00 | INFO | repo=system-int | action=test | passed=true
2025-11-10 20:36:00 | DEBUG | repo=system-int | action=commit
2025-11-15 13:09:00 | INFO | repo=system-int | action=test | passed=true
2025-08-25 14:58:00 | DEBUG | repo=system-int | action=pull
2025-09-11 10:26:00 | WARN | repo=system-int | action=commit
2025-12-18 11:26:00 | DEBUG | repo=system-int | action=commit
2025-08-02 18:51:00 | DEBUG | repo=system-int | action=pull
2025-09-25 12:05:00 | WARN | repo=system-int | action=commit
2025-05-03 13:50:00 | DEBUG | repo=system-int | action=edit | files=4
2025-05-07 21:31:00 | WARN | repo=system-int | action=edit | files=3
2025-01-20 18:04:00 | INFO | repo=system-int | action=commit
2025-10-14 14:04:00 | DEBUG | repo=system-int | action=commit
2025-05-02 19:16:00 | DEBUG | repo=system-int | action=edit | files=3
2025-10-10 09:38:00 | DEBUG | repo=system-int | action=commit
2025-07-04 07:26:00 | INFO | repo=system-int | action=commit
2025-12-21 21:36:00 | DEBUG | repo=system-int | action=commit
2025-05-06 10:31:00 | INFO | repo=system-int | action=commit
2025-05-11 18:22:00 | INFO | repo=system-int | action=commit
2025-05-01 07:28:00 | DEBUG | repo=system-int | action=commit
2025-09-11 20:55:00 | WARN | repo=system-int | action=commit
2025-05-16 19:03:00 | DEBUG | repo=system-int | action=commit
2025-05-02 18:29:00 | WARN | repo=system-int | action=commit
2025-01-28 08:21:00 | INFO | repo=system-int | action=commit
2025-01-28 17:38:00 | INFO | repo=system-int | action=commit
2025-05-28 07:17:00 | INFO | repo=system-int | action=commit
2025-11-26 08:00:00 | INFO | repo=system-int | action=commit
2025-04-03 17:01:00 | DEBUG | repo=system-int | action=commit
